<?xml version="1.0" encoding="UTF-8"?>
<testsuites name="jest tests" tests="1" failures="1" errors="0" time="3.707">
  <testsuite name="AssetsService" errors="0" failures="1" skipped="0" timestamp="2022-04-17T19:46:27" time="3.597" tests="1">
    <testcase classname="AssetsService should be defined" name="AssetsService should be defined" time="0.01">
      <failure>Error: Nest can&apos;t resolve dependencies of the AssetsService (?). Please make sure that the argument AssetsRepository at index [0] is available in the RootTestModule context.

Potential solutions:
- If AssetsRepository is a provider, is it part of the current RootTestModule?
- If AssetsRepository is exported from a separate @Module, is that module imported within RootTestModule?
  @Module({
    imports: [ /* the Module containing AssetsRepository */ ]
  })

    at TestingInjector.lookupComponentInParentModules (/Users/abarbu/Projects/Personal/allinfra-sw-eginnering-test/asset_manager/backend/node_modules/@nestjs/core/injector/injector.js:231:19)
    at processTicksAndRejections (node:internal/process/task_queues:96:5)
    at TestingInjector.resolveComponentInstance (/Users/abarbu/Projects/Personal/allinfra-sw-eginnering-test/asset_manager/backend/node_modules/@nestjs/core/injector/injector.js:184:33)
    at TestingInjector.resolveComponentInstance (/Users/abarbu/Projects/Personal/allinfra-sw-eginnering-test/asset_manager/backend/node_modules/@nestjs/testing/testing-injector.js:16:45)
    at resolveParam (/Users/abarbu/Projects/Personal/allinfra-sw-eginnering-test/asset_manager/backend/node_modules/@nestjs/core/injector/injector.js:106:38)
    at async Promise.all (index 0)
    at TestingInjector.resolveConstructorParams (/Users/abarbu/Projects/Personal/allinfra-sw-eginnering-test/asset_manager/backend/node_modules/@nestjs/core/injector/injector.js:121:27)
    at TestingInjector.loadInstance (/Users/abarbu/Projects/Personal/allinfra-sw-eginnering-test/asset_manager/backend/node_modules/@nestjs/core/injector/injector.js:52:9)
    at TestingInjector.loadProvider (/Users/abarbu/Projects/Personal/allinfra-sw-eginnering-test/asset_manager/backend/node_modules/@nestjs/core/injector/injector.js:74:9)
    at async Promise.all (index 3)</failure>
    </testcase>
  </testsuite>
</testsuites>